Running: C:\Xilinx\14.7\ISE_DS\ISE\bin\nt64\unwrapped\fuse.exe -intstyle ise -incremental -o Z:/Desktop/CAD/HW2/Q2/simulate_isim_beh.exe -prj Z:/Desktop/CAD/HW2/Q2/simulate_beh.prj work.simulate 
ISim P.20131013 (signature 0x7708f090)
Number of CPUs detected in this system: 2
Turning on mult-threading, number of parallel sub-compilation jobs: 4 
Determining compilation order of HDL files
Parsing VHDL file "Z:/Desktop/CAD/HW2/Q2/priority_queue.vhd" into library work
Parsing VHDL file "Z:/Desktop/CAD/HW2/Q2/simulate.vhd" into library work
Starting static elaboration
WARNING:HDLCompiler:746 - "Z:/Desktop/CAD/HW2/Q2/priority_queue.vhd" Line 48: Range is empty (null range)
Completed static elaboration
Compiling package standard
Compiling package std_logic_1164
Compiling architecture behavioral of entity priority_queue [priority_queue_default]
Compiling architecture behavior of entity simulate
Time Resolution for simulation is 1ps.
Waiting for 1 sub-compilation(s) to finish...
Compiled 5 VHDL Units
Built simulation executable Z:/Desktop/CAD/HW2/Q2/simulate_isim_beh.exe
Fuse Memory Usage: 30056 KB
Fuse CPU Usage: 327 ms
