ISim log file
Running: Z:\Desktop\CAD\Project\Processor\simulate_isim_beh.exe -intstyle ise -gui -tclbatch isim.cmd -wdb Z:/Desktop/CAD/Project/Processor/simulate_isim_beh.wdb 
ISim P.20131013 (signature 0x7708f090)
This is a Full version of ISim.
Time resolution is 1 ps
# onerror resume
# wave add /
# run 1000 ns
Simulator is doing circuit initialization process.
at 0 ps, Instance /simulate/uut/summ/ : Warning: NUMERIC_STD.TO_UNSIGNED: vector truncated
at 0 ps, Instance /simulate/uut/subb/ : Warning: NUMERIC_STD.TO_UNSIGNED: vector truncated
at 0 ps, Instance /simulate/uut/mull/ : Warning: NUMERIC_STD.TO_UNSIGNED: vector truncated
at 0 ps, Instance /simulate/uut/divisionn/ : Warning: NUMERIC_STD.TO_INTEGER: metavalue detected, returning 0
at 0 ps, Instance /simulate/uut/divisionn/ : Warning: NUMERIC_STD.TO_INTEGER: metavalue detected, returning 0
at 0 ps, Instance /simulate/uut/divisionn/ : Warning: NUMERIC_STD.TO_UNSIGNED: vector truncated
ERROR: In process Radix10.vhd:54 
 Right operand of ** is not a natural value.
INFO: Simulator is stopped.
# run all
INFO: Simulator is stopped.
# run all
INFO: Simulator is stopped.
